Wed Dec 28 19:13:29 ICT 2016 : FINE : TDBN -:- <init> -:- files.size():8
Wed Dec 28 19:13:30 ICT 2016 : FINE : TDBN -:- <init> -:- nBodyParts: 5
Wed Dec 28 19:13:30 ICT 2016 : FINE : TDBN -:- <init> -:- Initialize RBMs...!
Wed Dec 28 19:13:30 ICT 2016 : FINE : TDBN -:- <init> -:- Initialize CRBM...!
Wed Dec 28 19:13:31 ICT 2016 : FINE : TDBN -:- train -:- epoch: 0, energy: -67.04392587497514
Wed Dec 28 19:13:31 ICT 2016 : FINE : TDBN -:- train -:- epoch: 1, energy: -224.02532025537877
Wed Dec 28 19:13:31 ICT 2016 : FINE : TDBN -:- train -:- epoch: 2, energy: -328.08447470440734
Wed Dec 28 19:13:32 ICT 2016 : FINE : TDBN -:- train -:- epoch: 3, energy: -376.73439582229156
Wed Dec 28 19:13:32 ICT 2016 : FINE : TDBN -:- train -:- epoch: 4, energy: -403.13417818348364
Wed Dec 28 19:13:33 ICT 2016 : FINE : TDBN -:- train -:- epoch: 5, energy: -410.01568154302174
Wed Dec 28 19:13:33 ICT 2016 : FINE : TDBN -:- train -:- epoch: 6, energy: -408.14049555797794
Wed Dec 28 19:13:33 ICT 2016 : FINE : TDBN -:- train -:- epoch: 7, energy: -812.0870045510069
Wed Dec 28 19:13:34 ICT 2016 : FINE : TDBN -:- train -:- epoch: 8, energy: -2974.9916753712223
Wed Dec 28 19:13:34 ICT 2016 : FINE : TDBN -:- train -:- epoch: 9, energy: -4156.011771191168
Wed Dec 28 19:13:34 ICT 2016 : FINE : TDBN -:- train -:- epoch: 10, energy: -5290.949747841491
Wed Dec 28 19:13:35 ICT 2016 : FINE : TDBN -:- train -:- epoch: 11, energy: -5487.43052901484
Wed Dec 28 19:13:35 ICT 2016 : FINE : TDBN -:- train -:- epoch: 12, energy: -6152.784701196019
Wed Dec 28 19:13:35 ICT 2016 : FINE : TDBN -:- train -:- epoch: 13, energy: -6438.888401606526
Wed Dec 28 19:13:36 ICT 2016 : FINE : TDBN -:- train -:- epoch: 14, energy: -6755.551022031485
Wed Dec 28 19:13:36 ICT 2016 : FINE : TDBN -:- train -:- epoch: 15, energy: -6802.242866777579
Wed Dec 28 19:13:37 ICT 2016 : FINE : TDBN -:- train -:- epoch: 16, energy: -7205.203038695625
Wed Dec 28 19:13:37 ICT 2016 : FINE : TDBN -:- train -:- epoch: 17, energy: -7132.980935918547
Wed Dec 28 19:13:37 ICT 2016 : FINE : TDBN -:- train -:- epoch: 18, energy: -7306.482955383793
Wed Dec 28 19:13:38 ICT 2016 : FINE : TDBN -:- train -:- epoch: 19, energy: -7359.242387737626
Wed Dec 28 19:13:38 ICT 2016 : FINE : TDBN -:- train -:- epoch: 20, energy: -7419.531174280808
Wed Dec 28 19:13:38 ICT 2016 : FINE : TDBN -:- train -:- epoch: 21, energy: -7573.7522706558875
Wed Dec 28 19:13:39 ICT 2016 : FINE : TDBN -:- train -:- epoch: 22, energy: -7695.242248323096
Wed Dec 28 19:13:39 ICT 2016 : FINE : TDBN -:- train -:- epoch: 23, energy: -7745.374551458475
Wed Dec 28 19:13:39 ICT 2016 : FINE : TDBN -:- train -:- epoch: 24, energy: -7925.196487705993
Wed Dec 28 19:13:40 ICT 2016 : FINE : TDBN -:- train -:- epoch: 25, energy: -8087.907316830014
Wed Dec 28 19:13:40 ICT 2016 : FINE : TDBN -:- train -:- epoch: 26, energy: -8084.886386959768
Wed Dec 28 19:13:40 ICT 2016 : FINE : TDBN -:- train -:- epoch: 27, energy: -8000.01368923031
Wed Dec 28 19:13:41 ICT 2016 : FINE : TDBN -:- train -:- epoch: 28, energy: -8003.95431337673
Wed Dec 28 19:13:41 ICT 2016 : FINE : TDBN -:- train -:- epoch: 29, energy: -8150.370275749463
Wed Dec 28 19:13:41 ICT 2016 : FINE : TDBN -:- train -:- epoch: 30, energy: -8150.042338949883
Wed Dec 28 19:13:42 ICT 2016 : FINE : TDBN -:- train -:- epoch: 31, energy: -8099.673922968835
Wed Dec 28 19:13:42 ICT 2016 : FINE : TDBN -:- train -:- epoch: 32, energy: -8234.177882470049
Wed Dec 28 19:13:42 ICT 2016 : FINE : TDBN -:- train -:- epoch: 33, energy: -8379.88930945654
Wed Dec 28 19:13:43 ICT 2016 : FINE : TDBN -:- train -:- epoch: 34, energy: -8352.305542918908
Wed Dec 28 19:13:43 ICT 2016 : FINE : TDBN -:- train -:- epoch: 35, energy: -8566.47822952577
Wed Dec 28 19:13:43 ICT 2016 : FINE : TDBN -:- train -:- epoch: 36, energy: -8433.458446983188
Wed Dec 28 19:13:44 ICT 2016 : FINE : TDBN -:- train -:- epoch: 37, energy: -8624.510973384335
Wed Dec 28 19:13:44 ICT 2016 : FINE : TDBN -:- train -:- epoch: 38, energy: -8431.120283024127
Wed Dec 28 19:13:44 ICT 2016 : FINE : TDBN -:- train -:- epoch: 39, energy: -8349.072969206698
Wed Dec 28 19:13:45 ICT 2016 : FINE : TDBN -:- train -:- epoch: 40, energy: -8423.594829389727
Wed Dec 28 19:13:45 ICT 2016 : FINE : TDBN -:- train -:- epoch: 41, energy: -8366.310784509247
Wed Dec 28 19:13:45 ICT 2016 : FINE : TDBN -:- train -:- epoch: 42, energy: -8539.408414857324
Wed Dec 28 19:13:46 ICT 2016 : FINE : TDBN -:- train -:- epoch: 43, energy: -8792.079819742306
Wed Dec 28 19:13:46 ICT 2016 : FINE : TDBN -:- train -:- epoch: 44, energy: -8570.372367105658
Wed Dec 28 19:13:46 ICT 2016 : FINE : TDBN -:- train -:- epoch: 45, energy: -8499.69312912121
Wed Dec 28 19:13:47 ICT 2016 : FINE : TDBN -:- train -:- epoch: 46, energy: -8544.141045134427
Wed Dec 28 19:13:47 ICT 2016 : FINE : TDBN -:- train -:- epoch: 47, energy: -8594.285420186075
Wed Dec 28 19:13:48 ICT 2016 : FINE : TDBN -:- train -:- epoch: 48, energy: -8866.422221342382
Wed Dec 28 19:13:48 ICT 2016 : FINE : TDBN -:- train -:- epoch: 49, energy: -8526.887339904597
Wed Dec 28 19:13:48 ICT 2016 : FINE : TDBN -:- train -:- epoch: 50, energy: -8628.729327759786
Wed Dec 28 19:13:49 ICT 2016 : FINE : TDBN -:- train -:- epoch: 51, energy: -8822.934872160793
Wed Dec 28 19:13:49 ICT 2016 : FINE : TDBN -:- train -:- epoch: 52, energy: -8757.55658153312
Wed Dec 28 19:13:49 ICT 2016 : FINE : TDBN -:- train -:- epoch: 53, energy: -8735.060180632887
Wed Dec 28 19:13:50 ICT 2016 : FINE : TDBN -:- train -:- epoch: 54, energy: -8730.571597130616
Wed Dec 28 19:13:50 ICT 2016 : FINE : TDBN -:- train -:- epoch: 55, energy: -8680.119557681635
Wed Dec 28 19:13:50 ICT 2016 : FINE : TDBN -:- train -:- epoch: 56, energy: -8788.202461281904
Wed Dec 28 19:13:51 ICT 2016 : FINE : TDBN -:- train -:- epoch: 57, energy: -8479.786944491094
Wed Dec 28 19:13:51 ICT 2016 : FINE : TDBN -:- train -:- epoch: 58, energy: -8874.176957627493
Wed Dec 28 19:13:51 ICT 2016 : FINE : TDBN -:- train -:- epoch: 59, energy: -8849.574220339786
Wed Dec 28 19:13:52 ICT 2016 : FINE : TDBN -:- train -:- epoch: 60, energy: -8878.463045531762
Wed Dec 28 19:13:52 ICT 2016 : FINE : TDBN -:- train -:- epoch: 61, energy: -8890.865061096403
Wed Dec 28 19:13:52 ICT 2016 : FINE : TDBN -:- train -:- epoch: 62, energy: -8748.421593082896
Wed Dec 28 19:13:53 ICT 2016 : FINE : TDBN -:- train -:- epoch: 63, energy: -8621.841316971564
Wed Dec 28 19:13:53 ICT 2016 : FINE : TDBN -:- train -:- epoch: 64, energy: -8977.189366695777
Wed Dec 28 19:13:53 ICT 2016 : FINE : TDBN -:- train -:- epoch: 65, energy: -8866.381749133614
Wed Dec 28 19:13:54 ICT 2016 : FINE : TDBN -:- train -:- epoch: 66, energy: -8986.097492592933
Wed Dec 28 19:13:54 ICT 2016 : FINE : TDBN -:- train -:- epoch: 67, energy: -8883.57031908221
Wed Dec 28 19:13:54 ICT 2016 : FINE : TDBN -:- train -:- epoch: 68, energy: -8969.563396837028
